{"level":"error","message":"No private key provided for FrieStore connection"}
{"level":"error","message":"No client email provided for FireStore connection"}
{"level":"error","message":"No Provided project id for FireStore connection"}
{"level":"error","message":"No firebase_authDomain provided for FireStore connection"}
{"level":"error","message":"No firebase_authDomain provided for FireStore connection"}
{"date":"Sun Feb 26 2023 14:49:51 GMT+0200 (Eastern European Standard Time)","error":{"address":"::","code":"EADDRINUSE","errno":-98,"port":5000,"syscall":"listen"},"exception":true,"level":"error","message":"uncaughtException: listen EADDRINUSE: address already in use :::5000\nError: listen EADDRINUSE: address already in use :::5000\n    at Server.setupListenHandle [as _listen2] (node:net:1372:16)\n    at listenInCluster (node:net:1420:12)\n    at Server.listen (node:net:1508:7)\n    at Function.listen (/home/ezat-elzalouy/Desktop/Unicode/asz-back/node_modules/express/lib/application.js:635:24)\n    at Object.<anonymous> (/home/ezat-elzalouy/Desktop/Unicode/asz-back/server.ts:21:20)\n    at Module._compile (node:internal/modules/cjs/loader:1105:14)\n    at Module.m._compile (/home/ezat-elzalouy/Desktop/Unicode/asz-back/node_modules/ts-node/src/index.ts:1618:23)\n    at Module._extensions..js (node:internal/modules/cjs/loader:1159:10)\n    at Object.require.extensions.<computed> [as .ts] (/home/ezat-elzalouy/Desktop/Unicode/asz-back/node_modules/ts-node/src/index.ts:1621:12)\n    at Module.load (node:internal/modules/cjs/loader:981:32)","os":{"loadavg":[3.02,1.68,1.66],"uptime":97909.36},"process":{"argv":["/home/ezat-elzalouy/Desktop/Unicode/asz-back/node_modules/.bin/ts-node","/home/ezat-elzalouy/Desktop/Unicode/asz-back/server.ts"],"cwd":"/home/ezat-elzalouy/Desktop/Unicode/asz-back","execPath":"/usr/local/bin/node","gid":1000,"memoryUsage":{"arrayBuffers":1946307,"external":3461571,"heapTotal":193105920,"heapUsed":164827576,"rss":268914688},"pid":76085,"uid":1000,"version":"v16.15.0"},"stack":"Error: listen EADDRINUSE: address already in use :::5000\n    at Server.setupListenHandle [as _listen2] (node:net:1372:16)\n    at listenInCluster (node:net:1420:12)\n    at Server.listen (node:net:1508:7)\n    at Function.listen (/home/ezat-elzalouy/Desktop/Unicode/asz-back/node_modules/express/lib/application.js:635:24)\n    at Object.<anonymous> (/home/ezat-elzalouy/Desktop/Unicode/asz-back/server.ts:21:20)\n    at Module._compile (node:internal/modules/cjs/loader:1105:14)\n    at Module.m._compile (/home/ezat-elzalouy/Desktop/Unicode/asz-back/node_modules/ts-node/src/index.ts:1618:23)\n    at Module._extensions..js (node:internal/modules/cjs/loader:1159:10)\n    at Object.require.extensions.<computed> [as .ts] (/home/ezat-elzalouy/Desktop/Unicode/asz-back/node_modules/ts-node/src/index.ts:1621:12)\n    at Module.load (node:internal/modules/cjs/loader:981:32)","trace":[{"column":16,"file":"node:net","function":"Server.setupListenHandle [as _listen2]","line":1372,"method":"setupListenHandle [as _listen2]","native":false},{"column":12,"file":"node:net","function":"listenInCluster","line":1420,"method":null,"native":false},{"column":7,"file":"node:net","function":"Server.listen","line":1508,"method":"listen","native":false},{"column":24,"file":"/home/ezat-elzalouy/Desktop/Unicode/asz-back/node_modules/express/lib/application.js","function":"Function.listen","line":635,"method":"listen","native":false},{"column":20,"file":"/home/ezat-elzalouy/Desktop/Unicode/asz-back/server.ts","function":null,"line":21,"method":null,"native":false},{"column":14,"file":"node:internal/modules/cjs/loader","function":"Module._compile","line":1105,"method":"_compile","native":false},{"column":23,"file":"/home/ezat-elzalouy/Desktop/Unicode/asz-back/node_modules/ts-node/src/index.ts","function":"Module.m._compile","line":1618,"method":"_compile","native":false},{"column":10,"file":"node:internal/modules/cjs/loader","function":"Module._extensions..js","line":1159,"method":".js","native":false},{"column":12,"file":"/home/ezat-elzalouy/Desktop/Unicode/asz-back/node_modules/ts-node/src/index.ts","function":"Object.require.extensions.<computed> [as .ts]","line":1621,"method":"ts]","native":false},{"column":32,"file":"node:internal/modules/cjs/loader","function":"Module.load","line":981,"method":"load","native":false}]}
{"date":"Sun Feb 26 2023 14:49:51 GMT+0200 (Eastern European Standard Time)","error":{"address":"::","code":"EADDRINUSE","errno":-98,"port":5000,"syscall":"listen"},"exception":true,"level":"error","message":"uncaughtException: listen EADDRINUSE: address already in use :::5000\nError: listen EADDRINUSE: address already in use :::5000\n    at Server.setupListenHandle [as _listen2] (node:net:1372:16)\n    at listenInCluster (node:net:1420:12)\n    at Server.listen (node:net:1508:7)\n    at Function.listen (/home/ezat-elzalouy/Desktop/Unicode/asz-back/node_modules/express/lib/application.js:635:24)\n    at Object.<anonymous> (/home/ezat-elzalouy/Desktop/Unicode/asz-back/server.ts:21:20)\n    at Module._compile (node:internal/modules/cjs/loader:1105:14)\n    at Module.m._compile (/home/ezat-elzalouy/Desktop/Unicode/asz-back/node_modules/ts-node/src/index.ts:1618:23)\n    at Module._extensions..js (node:internal/modules/cjs/loader:1159:10)\n    at Object.require.extensions.<computed> [as .ts] (/home/ezat-elzalouy/Desktop/Unicode/asz-back/node_modules/ts-node/src/index.ts:1621:12)\n    at Module.load (node:internal/modules/cjs/loader:981:32)","os":{"loadavg":[3.02,1.68,1.66],"uptime":97909.36},"process":{"argv":["/home/ezat-elzalouy/Desktop/Unicode/asz-back/node_modules/.bin/ts-node","/home/ezat-elzalouy/Desktop/Unicode/asz-back/server.ts"],"cwd":"/home/ezat-elzalouy/Desktop/Unicode/asz-back","execPath":"/usr/local/bin/node","gid":1000,"memoryUsage":{"arrayBuffers":1946307,"external":3461571,"heapTotal":193105920,"heapUsed":164827576,"rss":268914688},"pid":76085,"uid":1000,"version":"v16.15.0"},"stack":"Error: listen EADDRINUSE: address already in use :::5000\n    at Server.setupListenHandle [as _listen2] (node:net:1372:16)\n    at listenInCluster (node:net:1420:12)\n    at Server.listen (node:net:1508:7)\n    at Function.listen (/home/ezat-elzalouy/Desktop/Unicode/asz-back/node_modules/express/lib/application.js:635:24)\n    at Object.<anonymous> (/home/ezat-elzalouy/Desktop/Unicode/asz-back/server.ts:21:20)\n    at Module._compile (node:internal/modules/cjs/loader:1105:14)\n    at Module.m._compile (/home/ezat-elzalouy/Desktop/Unicode/asz-back/node_modules/ts-node/src/index.ts:1618:23)\n    at Module._extensions..js (node:internal/modules/cjs/loader:1159:10)\n    at Object.require.extensions.<computed> [as .ts] (/home/ezat-elzalouy/Desktop/Unicode/asz-back/node_modules/ts-node/src/index.ts:1621:12)\n    at Module.load (node:internal/modules/cjs/loader:981:32)","trace":[{"column":16,"file":"node:net","function":"Server.setupListenHandle [as _listen2]","line":1372,"method":"setupListenHandle [as _listen2]","native":false},{"column":12,"file":"node:net","function":"listenInCluster","line":1420,"method":null,"native":false},{"column":7,"file":"node:net","function":"Server.listen","line":1508,"method":"listen","native":false},{"column":24,"file":"/home/ezat-elzalouy/Desktop/Unicode/asz-back/node_modules/express/lib/application.js","function":"Function.listen","line":635,"method":"listen","native":false},{"column":20,"file":"/home/ezat-elzalouy/Desktop/Unicode/asz-back/server.ts","function":null,"line":21,"method":null,"native":false},{"column":14,"file":"node:internal/modules/cjs/loader","function":"Module._compile","line":1105,"method":"_compile","native":false},{"column":23,"file":"/home/ezat-elzalouy/Desktop/Unicode/asz-back/node_modules/ts-node/src/index.ts","function":"Module.m._compile","line":1618,"method":"_compile","native":false},{"column":10,"file":"node:internal/modules/cjs/loader","function":"Module._extensions..js","line":1159,"method":".js","native":false},{"column":12,"file":"/home/ezat-elzalouy/Desktop/Unicode/asz-back/node_modules/ts-node/src/index.ts","function":"Object.require.extensions.<computed> [as .ts]","line":1621,"method":"ts]","native":false},{"column":32,"file":"node:internal/modules/cjs/loader","function":"Module.load","line":981,"method":"load","native":false}]}
{"level":"error","message":{"__getAllUsersSchemaError":{}}}
{"level":"error","message":{"__getAllUsersSchemaError":{}}}
{"level":"error","message":{"__getAllUsersSchemaError":{}}}
{"level":"error","message":{"__getAllUsersSchemaError":{}}}
{"level":"error","message":{"__getAllUsersSchemaError":{}}}
{"level":"error","message":{"__getAllUsersSchemaError":{}}}
{"level":"error","message":{"__getAllUsersSchemaError":{}}}
{"level":"error","message":{"startupDBError":{"code":"app/invalid-credential","message":"Failed to parse private key: Error: Invalid PEM formatted message."}}}
{"level":"error","message":{"startupDBError":{"code":"app/invalid-credential","message":"Failed to parse private key: Error: Invalid PEM formatted message."}}}
{"level":"error","message":{"startupDBError":{"code":"app/invalid-credential","message":"Failed to parse private key: Error: Invalid PEM formatted message."}}}
{"level":"error","message":{"startupDBError":{"code":"app/invalid-credential","message":"Failed to parse private key: Error: Invalid PEM formatted message."}}}
{"level":"error","message":{"startupDBError":{"code":"app/invalid-credential","message":"Failed to parse private key: Error: Invalid PEM formatted message."}}}
{"level":"error","message":{"startupDBError":{"code":"app/invalid-credential","message":"Service account object must contain a string \"client_email\" property."}}}
{"level":"error","message":{"startupDBError":{"code":"app/invalid-credential","message":"Failed to parse private key: Error: Invalid PEM formatted message."}}}
{"level":"error","message":{"startupDBError":{"code":"app/invalid-credential","message":"Failed to parse private key: Error: Invalid PEM formatted message."}}}
{"level":"error","message":{"__getAllUsersSchemaError":{}}}
{"level":"error","message":{"startupDBError":{"code":"app/invalid-credential","message":"Failed to parse private key: Error: Invalid PEM formatted message."}}}
{"level":"error","message":{"startupDBError":{"code":"app/invalid-credential","message":"Failed to parse private key: Error: Invalid PEM formatted message."}}}
{"level":"error","message":{"startupDBError":{"code":"app/invalid-credential","message":"Failed to parse private key: Error: Invalid PEM formatted message."}}}
{"level":"error","message":{"startupDBError":{"code":"app/invalid-credential","message":"Failed to parse private key: Error: Invalid PEM formatted message."}}}
{"level":"error","message":{"startupDBError":{"code":"app/invalid-credential","message":"Failed to parse private key: Error: Invalid PEM formatted message."}}}
{"level":"error","message":{"startupDBError":{"code":"app/invalid-credential","message":"Failed to parse private key: Error: Invalid PEM formatted message."}}}
{"level":"error","message":{"startupDBError":{"code":"app/invalid-credential","message":"Failed to parse private key: Error: Invalid PEM formatted message."}}}
{"level":"error","message":{"startupDBError":{"code":"app/invalid-credential","message":"Failed to parse private key: Error: Invalid PEM formatted message."}}}
{"level":"error","message":{"startupDBError":{"code":"app/invalid-credential","message":"Failed to parse private key: Error: Invalid PEM formatted message."}}}
{"level":"error","message":{"startupDBError":{}}}
{"level":"error","message":{"startupDBError":{}}}
{"level":"error","message":{"startupDBError":{}}}
{"level":"error","message":{"startupDBError":{}}}
{"level":"error","message":{"startupDBError":{}}}
{"level":"error","message":{"__getAllUsersSchemaError":{}}}
{"level":"error","message":{"startupDBError":{"code":"app/no-app","message":"The default Firebase app does not exist. Make sure you call initializeApp() before using any of the Firebase services."}}}
{"level":"error","message":{"startupDBError":{}}}
{"level":"error","message":{"startupDBError":{}}}
{"level":"error","message":{"startupDBError":{"code":"app/invalid-app-options","message":"Invalid Firebase app options passed as the first argument to initializeApp() for the app named \"[DEFAULT]\". The \"credential\" property must be an object which implements the Credential interface."}}}
{"level":"error","message":{"startupDBError":{"code":"app/invalid-app-options","message":"Invalid Firebase app options passed as the first argument to initializeApp() for the app named \"[DEFAULT]\". The \"credential\" property must be an object which implements the Credential interface."}}}
{"level":"error","message":{"__deleteUserSchemaError":{"code":"app/no-options","customData":{},"name":"FirebaseError"}}}
{"level":"error","message":{"__deleteUserSchemaError":{"code":"app/no-options","customData":{},"name":"FirebaseError"}}}
{"level":"error","message":{"__deleteUserSchemaError":{"code":"app/no-options","customData":{},"name":"FirebaseError"}}}
{"level":"error","message":{"__deleteUserSchemaError":{"code":"app/no-options","customData":{},"name":"FirebaseError"}}}
{"level":"error","message":{"__deleteUserSchemaError":{"code":"app/no-options","customData":{},"name":"FirebaseError"}}}
{"level":"error","message":{"startupDBError":{}}}
{"level":"error","message":{"__createUserControllerError":{}}}
{"level":"error","message":{"__createUserControllerError":{}}}
{"level":"error","message":{"__createUserControllerError":{}}}
{"level":"error","message":{"__createUserControllerError":{}}}
{"level":"error","message":{"__createUserControllerError":{}}}
{"level":"error","message":{"__createUserControllerError":{}}}
{"level":"error","message":{"__createUserControllerError":{}}}
{"level":"error","message":{"__createUserControllerError":{}}}
